[debug] [2021-02-28T03:31:52.891Z] ----------------------------------------------------------------------
[debug] [2021-02-28T03:31:52.898Z] Command:       C:\Program Files\nodejs\node.exe C:\Users\HP\AppData\Roaming\npm\node_modules\firebase-tools\lib\bin\firebase.js emulators:start
[debug] [2021-02-28T03:31:52.899Z] CLI Version:   9.4.0
[debug] [2021-02-28T03:31:52.899Z] Platform:      win32
[debug] [2021-02-28T03:31:52.899Z] Node Version:  v14.15.4
[debug] [2021-02-28T03:31:53.033Z] Time:          Sat Feb 27 2021 22:31:52 GMT-0500 (Eastern Standard Time)
[debug] [2021-02-28T03:31:53.034Z] ----------------------------------------------------------------------
[debug] [2021-02-28T03:31:53.034Z] 
[debug] [2021-02-28T03:31:53.077Z] > command requires scopes: ["email","openid","https://www.googleapis.com/auth/cloudplatformprojects.readonly","https://www.googleapis.com/auth/firebase","https://www.googleapis.com/auth/cloud-platform"]
[debug] [2021-02-28T03:31:53.078Z] > authorizing via signed-in user
[info] i  emulators: Starting emulators: auth, functions, firestore, database, hosting, pubsub {"metadata":{"emulator":{"name":"hub"},"message":"Starting emulators: auth, functions, firestore, database, hosting, pubsub"}}
[debug] [2021-02-28T03:31:53.153Z] [hub] writing locator at C:\Users\HP\AppData\Local\Temp\hub-clone2-5e581.json
[warn] !  hosting: The hosting emulator is configured but there is no hosting configuration. Have you run firebase init hosting? {"metadata":{"emulator":{"name":"hosting"},"message":"The hosting emulator is configured but there is no hosting configuration. Have you run \u001b[1mfirebase init hosting\u001b[22m?"}}
[warn] !  functions: The following emulators are not running, calls to these services from the Functions emulator will affect production: hosting {"metadata":{"emulator":{"name":"functions"},"message":"The following emulators are not running, calls to these services from the Functions emulator will affect production: \u001b[1mhosting\u001b[22m"}}
[warn] !  Your requested "node" version "12" doesn't match your global version "14" {"metadata":{"emulator":{"name":"functions"},"message":"Your requested \"node\" version \"12\" doesn't match your global version \"14\""}}
[debug] [2021-02-28T03:31:53.208Z] defaultcredentials: writing to file C:\Users\HP\AppData\Roaming\firebase\yeshiworktadesse_gmail_com_application_default_credentials.json
[debug] [2021-02-28T03:31:53.215Z] Setting GAC to C:\Users\HP\AppData\Roaming\firebase\yeshiworktadesse_gmail_com_application_default_credentials.json {"metadata":{"emulator":{"name":"functions"},"message":"Setting GAC to C:\\Users\\HP\\AppData\\Roaming\\firebase\\yeshiworktadesse_gmail_com_application_default_credentials.json"}}
[debug] [2021-02-28T03:31:53.229Z] >>> [apiv2][query] GET https://firebase.googleapis.com/v1beta1/projects/clone2-5e581/adminSdkConfig [none]
[debug] [2021-02-28T03:31:53.611Z] <<< [apiv2][status] GET https://firebase.googleapis.com/v1beta1/projects/clone2-5e581/adminSdkConfig 200
[debug] [2021-02-28T03:31:53.611Z] <<< [apiv2][body] GET https://firebase.googleapis.com/v1beta1/projects/clone2-5e581/adminSdkConfig {"projectId":"clone2-5e581","storageBucket":"clone2-5e581.appspot.com"}
[warn] !  firestore: Did not find a Cloud Firestore rules file specified in a firebase.json config file. {"metadata":{"emulator":{"name":"firestore"},"message":"Did not find a Cloud Firestore rules file specified in a firebase.json config file."}}
[warn] !  firestore: The emulator will default to allowing all reads and writes. Learn more about this option: https://firebase.google.com/docs/emulator-suite/install_and_configure#security_rules_configuration. {"metadata":{"emulator":{"name":"firestore"},"message":"The emulator will default to allowing all reads and writes. Learn more about this option: https://firebase.google.com/docs/emulator-suite/install_and_configure#security_rules_configuration."}}
[debug] [2021-02-28T03:31:53.704Z] Ignoring unsupported arg: projectId {"metadata":{"emulator":{"name":"firestore"},"message":"Ignoring unsupported arg: projectId"}}
[debug] [2021-02-28T03:31:53.705Z] Ignoring unsupported arg: auto_download {"metadata":{"emulator":{"name":"firestore"},"message":"Ignoring unsupported arg: auto_download"}}
[debug] [2021-02-28T03:31:53.705Z] Starting Firestore Emulator with command {"binary":"java","args":["-Dgoogle.cloud_firestore.debug_log_level=FINE","-Duser.language=en","-jar","C:\\Users\\HP\\.cache\\firebase\\emulators\\cloud-firestore-emulator-v1.11.12.jar","--host","localhost","--port",8080,"--functions_emulator","localhost:5001"],"optionalArgs":["port","webchannel_port","host","rules","functions_emulator","seed_from_export"],"joinArgs":false} {"metadata":{"emulator":{"name":"firestore"},"message":"Starting Firestore Emulator with command {\"binary\":\"java\",\"args\":[\"-Dgoogle.cloud_firestore.debug_log_level=FINE\",\"-Duser.language=en\",\"-jar\",\"C:\\\\Users\\\\HP\\\\.cache\\\\firebase\\\\emulators\\\\cloud-firestore-emulator-v1.11.12.jar\",\"--host\",\"localhost\",\"--port\",8080,\"--functions_emulator\",\"localhost:5001\"],\"optionalArgs\":[\"port\",\"webchannel_port\",\"host\",\"rules\",\"functions_emulator\",\"seed_from_export\"],\"joinArgs\":false}"}}
[info] i  firestore: Firestore Emulator logging to firestore-debug.log {"metadata":{"emulator":{"name":"firestore"},"message":"Firestore Emulator logging to \u001b[1mfirestore-debug.log\u001b[22m"}}
[debug] [2021-02-28T03:32:05.014Z] API endpoint: http:// {"metadata":{"emulator":{"name":"firestore"},"message":"API endpoint: http://"}}
[debug] [2021-02-28T03:32:05.015Z] localhost:8080
If you are using a library that supports the FIRESTORE_EMULATOR_HOST environment variable, run:

   export FIRESTORE_EMULATOR_HOST=localhost:8080

Dev App Server is now running.

 {"metadata":{"emulator":{"name":"firestore"},"message":"localhost:8080\nIf you are using a library that supports the FIRESTORE_EMULATOR_HOST environment variable, run:\r\n\n   export FIRESTORE_EMULATOR_HOST=localhost:8080\n\nDev App Server is now running.\n\r\n"}}
[debug] [2021-02-28T03:32:05.112Z] database rules config:  []
[warn] !  database: Did not find a Realtime Database rules file specified in a firebase.json config file. The emulator will default to allowing all reads and writes. Learn more about this option: https://firebase.google.com/docs/emulator-suite/install_and_configure#security_rules_configuration. {"metadata":{"emulator":{"name":"database"},"message":"Did not find a Realtime Database rules file specified in a firebase.json config file. The emulator will default to allowing all reads and writes. Learn more about this option: https://firebase.google.com/docs/emulator-suite/install_and_configure#security_rules_configuration."}}
[debug] [2021-02-28T03:32:05.120Z] Ignoring unsupported arg: projectId {"metadata":{"emulator":{"name":"database"},"message":"Ignoring unsupported arg: projectId"}}
[debug] [2021-02-28T03:32:05.121Z] Ignoring unsupported arg: auto_download {"metadata":{"emulator":{"name":"database"},"message":"Ignoring unsupported arg: auto_download"}}
[debug] [2021-02-28T03:32:05.121Z] Ignoring unsupported arg: rules {"metadata":{"emulator":{"name":"database"},"message":"Ignoring unsupported arg: rules"}}
[debug] [2021-02-28T03:32:05.121Z] Starting Database Emulator with command {"binary":"java","args":["-Duser.language=en","-jar","C:\\Users\\HP\\.cache\\firebase\\emulators\\firebase-database-emulator-v4.7.2.jar","--host","localhost","--port",9000,"--functions_emulator_host","localhost","--functions_emulator_port",5001],"optionalArgs":["port","host","functions_emulator_port","functions_emulator_host"],"joinArgs":false} {"metadata":{"emulator":{"name":"database"},"message":"Starting Database Emulator with command {\"binary\":\"java\",\"args\":[\"-Duser.language=en\",\"-jar\",\"C:\\\\Users\\\\HP\\\\.cache\\\\firebase\\\\emulators\\\\firebase-database-emulator-v4.7.2.jar\",\"--host\",\"localhost\",\"--port\",9000,\"--functions_emulator_host\",\"localhost\",\"--functions_emulator_port\",5001],\"optionalArgs\":[\"port\",\"host\",\"functions_emulator_port\",\"functions_emulator_host\"],\"joinArgs\":false}"}}
[info] i  database: Database Emulator logging to database-debug.log {"metadata":{"emulator":{"name":"database"},"message":"Database Emulator logging to \u001b[1mdatabase-debug.log\u001b[22m"}}
[debug] [2021-02-28T03:32:16.961Z] 22:32:16.951 [NamespaceSystem-akka.actor.default-dispatcher-4] INFO akka.event.slf4j.Slf4jLogger - Slf4jLogger started
 {"metadata":{"emulator":{"name":"database"},"message":"22:32:16.951 [NamespaceSystem-akka.actor.default-dispatcher-4] INFO akka.event.slf4j.Slf4jLogger - Slf4jLogger started\r\n"}}
[debug] [2021-02-28T03:32:18.034Z] 22:32:18.033 [main] INFO com.firebase.server.forge.App$ - Listening at localhost:9000
 {"metadata":{"emulator":{"name":"database"},"message":"22:32:18.033 [main] INFO com.firebase.server.forge.App$ - Listening at localhost:9000\r\n"}}
[debug] [2021-02-28T03:32:23.694Z] Ignoring unsupported arg: projectId {"metadata":{"emulator":{"name":"pubsub"},"message":"Ignoring unsupported arg: projectId"}}
[debug] [2021-02-28T03:32:23.694Z] Ignoring unsupported arg: auto_download {"metadata":{"emulator":{"name":"pubsub"},"message":"Ignoring unsupported arg: auto_download"}}
[debug] [2021-02-28T03:32:23.694Z] Starting Pub/Sub Emulator with command {"binary":"C:\\Users\\HP\\.cache\\firebase\\emulators\\pubsub-emulator-0.1.0\\pubsub-emulator\\bin\\cloud-pubsub-emulator.bat","args":["--host=localhost","--port=8085"],"optionalArgs":["port","host"],"joinArgs":true} {"metadata":{"emulator":{"name":"pubsub"},"message":"Starting Pub/Sub Emulator with command {\"binary\":\"C:\\\\Users\\\\HP\\\\.cache\\\\firebase\\\\emulators\\\\pubsub-emulator-0.1.0\\\\pubsub-emulator\\\\bin\\\\cloud-pubsub-emulator.bat\",\"args\":[\"--host=localhost\",\"--port=8085\"],\"optionalArgs\":[\"port\",\"host\"],\"joinArgs\":true}"}}
[info] i  pubsub: Pub/Sub Emulator logging to pubsub-debug.log {"metadata":{"emulator":{"name":"pubsub"},"message":"Pub/Sub Emulator logging to \u001b[1mpubsub-debug.log\u001b[22m"}}
[warn] !  hosting: The hosting emulator is configured but there is no hosting configuration. Have you run firebase init hosting? {"metadata":{"emulator":{"name":"hosting"},"message":"The hosting emulator is configured but there is no hosting configuration. Have you run \u001b[1mfirebase init hosting\u001b[22m?"}}
[debug] [2021-02-28T03:32:28.791Z] Ignoring unsupported arg: auto_download {"metadata":{"emulator":{"name":"ui"},"message":"Ignoring unsupported arg: auto_download"}}
[debug] [2021-02-28T03:32:28.791Z] Ignoring unsupported arg: port {"metadata":{"emulator":{"name":"ui"},"message":"Ignoring unsupported arg: port"}}
[debug] [2021-02-28T03:32:28.791Z] Starting Emulator UI with command {"binary":"node","args":["C:\\Users\\HP\\.cache\\firebase\\emulators\\ui-v1.4.1\\server.bundle.js"],"optionalArgs":[],"joinArgs":false} {"metadata":{"emulator":{"name":"ui"},"message":"Starting Emulator UI with command {\"binary\":\"node\",\"args\":[\"C:\\\\Users\\\\HP\\\\.cache\\\\firebase\\\\emulators\\\\ui-v1.4.1\\\\server.bundle.js\"],\"optionalArgs\":[],\"joinArgs\":false}"}}
[info] i  ui: Emulator UI logging to ui-debug.log {"metadata":{"emulator":{"name":"ui"},"message":"Emulator UI logging to \u001b[1mui-debug.log\u001b[22m"}}
[debug] [2021-02-28T03:32:29.029Z] Web / API server started at http://localhost:4000
 {"metadata":{"emulator":{"name":"ui"},"message":"Web / API server started at http://localhost:4000\n"}}
[info] i  functions: Watching "C:\Users\HP\Downloads\Amazon-clone2\Amazon-clone-main\functions" for Cloud Functions... {"metadata":{"emulator":{"name":"functions"},"message":"Watching \"C:\\Users\\HP\\Downloads\\Amazon-clone2\\Amazon-clone-main\\functions\" for Cloud Functions..."}}
[debug] [2021-02-28T03:32:29.100Z] [worker-pool] addWorker(~diagnostic~) {"metadata":{"emulator":{"name":"functions"},"message":"[worker-pool] addWorker(~diagnostic~)"}}
[debug] [2021-02-28T03:32:29.100Z] [worker-pool] Adding worker with key ~diagnostic~, total=1 {"metadata":{"emulator":{"name":"functions"},"message":"[worker-pool] Adding worker with key ~diagnostic~, total=1"}}
[debug] [2021-02-28T03:32:29.101Z] [worker-pool] submitWork(triggerId=) {"metadata":{"emulator":{"name":"functions"},"message":"[worker-pool] submitWork(triggerId=)"}}
[debug] [2021-02-28T03:32:29.102Z] [worker-~diagnostic~-6a99035c-2100-492f-a23c-4b6c27c2bf6b]: Assigning socketPath: \\?\pipe\C:\Users\HP\Downloads\Amazon-clone2\Amazon-clone-main\functions\10524 {"metadata":{"emulator":{"name":"functions"},"message":"[worker-~diagnostic~-6a99035c-2100-492f-a23c-4b6c27c2bf6b]: Assigning socketPath: \\\\?\\pipe\\C:\\Users\\HP\\Downloads\\Amazon-clone2\\Amazon-clone-main\\functions\\10524"}}
[debug] [2021-02-28T03:32:29.102Z] [worker-~diagnostic~-6a99035c-2100-492f-a23c-4b6c27c2bf6b]: BUSY {"metadata":{"emulator":{"name":"functions"},"message":"[worker-~diagnostic~-6a99035c-2100-492f-a23c-4b6c27c2bf6b]: BUSY"}}
[debug] [2021-02-28T03:32:29.580Z] [runtime-status] [10524] Functions runtime initialized. {"cwd":"C:\\Users\\HP\\Downloads\\Amazon-clone2\\Amazon-clone-main\\functions","node_version":"14.15.4"} {"metadata":{"emulator":{"name":"functions"},"message":"[runtime-status] [10524] Functions runtime initialized. {\"cwd\":\"C:\\\\Users\\\\HP\\\\Downloads\\\\Amazon-clone2\\\\Amazon-clone-main\\\\functions\",\"node_version\":\"14.15.4\"}"}}
[debug] [2021-02-28T03:32:29.584Z] [runtime-status] [10524] Disabled runtime features: undefined {"metadata":{"emulator":{"name":"functions"},"message":"[runtime-status] [10524] Disabled runtime features: undefined"}}
[debug] [2021-02-28T03:32:29.591Z] [runtime-status] [10524] Resolved module firebase-admin {"declared":true,"installed":true,"version":"9.5.0","resolution":"C:\\Users\\HP\\Downloads\\Amazon-clone2\\Amazon-clone-main\\functions\\node_modules\\firebase-admin\\lib\\index.js"} {"metadata":{"emulator":{"name":"functions"},"message":"[runtime-status] [10524] Resolved module firebase-admin {\"declared\":true,\"installed\":true,\"version\":\"9.5.0\",\"resolution\":\"C:\\\\Users\\\\HP\\\\Downloads\\\\Amazon-clone2\\\\Amazon-clone-main\\\\functions\\\\node_modules\\\\firebase-admin\\\\lib\\\\index.js\"}"}}
[debug] [2021-02-28T03:32:29.596Z] [runtime-status] [10524] Resolved module firebase-functions {"declared":true,"installed":true,"version":"3.13.2","resolution":"C:\\Users\\HP\\Downloads\\Amazon-clone2\\Amazon-clone-main\\functions\\node_modules\\firebase-functions\\lib\\index.js"} {"metadata":{"emulator":{"name":"functions"},"message":"[runtime-status] [10524] Resolved module firebase-functions {\"declared\":true,\"installed\":true,\"version\":\"3.13.2\",\"resolution\":\"C:\\\\Users\\\\HP\\\\Downloads\\\\Amazon-clone2\\\\Amazon-clone-main\\\\functions\\\\node_modules\\\\firebase-functions\\\\lib\\\\index.js\"}"}}
[debug] [2021-02-28T03:32:29.599Z] [runtime-status] [10524] Resolved module firebase-functions {"declared":true,"installed":true,"version":"3.13.2","resolution":"C:\\Users\\HP\\Downloads\\Amazon-clone2\\Amazon-clone-main\\functions\\node_modules\\firebase-functions\\lib\\index.js"} {"metadata":{"emulator":{"name":"functions"},"message":"[runtime-status] [10524] Resolved module firebase-functions {\"declared\":true,\"installed\":true,\"version\":\"3.13.2\",\"resolution\":\"C:\\\\Users\\\\HP\\\\Downloads\\\\Amazon-clone2\\\\Amazon-clone-main\\\\functions\\\\node_modules\\\\firebase-functions\\\\lib\\\\index.js\"}"}}
[debug] [2021-02-28T03:32:29.601Z] [runtime-status] [10524] Set PUBSUB_EMULATOR_HOST to localhost:8085 {"metadata":{"emulator":{"name":"functions"},"message":"[runtime-status] [10524] Set PUBSUB_EMULATOR_HOST to localhost:8085"}}
[debug] [2021-02-28T03:32:29.605Z] [runtime-status] [10524] Outgoing network have been stubbed. [{"name":"http","status":"mocked"},{"name":"http","status":"mocked"},{"name":"https","status":"mocked"},{"name":"https","status":"mocked"},{"name":"net","status":"mocked"}] {"metadata":{"emulator":{"name":"functions"},"message":"[runtime-status] [10524] Outgoing network have been stubbed. [{\"name\":\"http\",\"status\":\"mocked\"},{\"name\":\"http\",\"status\":\"mocked\"},{\"name\":\"https\",\"status\":\"mocked\"},{\"name\":\"https\",\"status\":\"mocked\"},{\"name\":\"net\",\"status\":\"mocked\"}]"}}
[debug] [2021-02-28T03:32:29.608Z] [runtime-status] [10524] Resolved module firebase-functions {"declared":true,"installed":true,"version":"3.13.2","resolution":"C:\\Users\\HP\\Downloads\\Amazon-clone2\\Amazon-clone-main\\functions\\node_modules\\firebase-functions\\lib\\index.js"} {"metadata":{"emulator":{"name":"functions"},"message":"[runtime-status] [10524] Resolved module firebase-functions {\"declared\":true,\"installed\":true,\"version\":\"3.13.2\",\"resolution\":\"C:\\\\Users\\\\HP\\\\Downloads\\\\Amazon-clone2\\\\Amazon-clone-main\\\\functions\\\\node_modules\\\\firebase-functions\\\\lib\\\\index.js\"}"}}
[debug] [2021-02-28T03:32:29.689Z] [runtime-status] [10524] Checked functions.config() {"config":{}} {"metadata":{"emulator":{"name":"functions"},"message":"[runtime-status] [10524] Checked functions.config() {\"config\":{}}"}}
[debug] [2021-02-28T03:32:29.690Z] [runtime-status] [10524] firebase-functions has been stubbed. {"functionsResolution":{"declared":true,"installed":true,"version":"3.13.2","resolution":"C:\\Users\\HP\\Downloads\\Amazon-clone2\\Amazon-clone-main\\functions\\node_modules\\firebase-functions\\lib\\index.js"}} {"metadata":{"emulator":{"name":"functions"},"message":"[runtime-status] [10524] firebase-functions has been stubbed. {\"functionsResolution\":{\"declared\":true,\"installed\":true,\"version\":\"3.13.2\",\"resolution\":\"C:\\\\Users\\\\HP\\\\Downloads\\\\Amazon-clone2\\\\Amazon-clone-main\\\\functions\\\\node_modules\\\\firebase-functions\\\\lib\\\\index.js\"}}"}}
[debug] [2021-02-28T03:32:29.693Z] [runtime-status] [10524] Resolved module firebase-functions {"declared":true,"installed":true,"version":"3.13.2","resolution":"C:\\Users\\HP\\Downloads\\Amazon-clone2\\Amazon-clone-main\\functions\\node_modules\\firebase-functions\\lib\\index.js"} {"metadata":{"emulator":{"name":"functions"},"message":"[runtime-status] [10524] Resolved module firebase-functions {\"declared\":true,\"installed\":true,\"version\":\"3.13.2\",\"resolution\":\"C:\\\\Users\\\\HP\\\\Downloads\\\\Amazon-clone2\\\\Amazon-clone-main\\\\functions\\\\node_modules\\\\firebase-functions\\\\lib\\\\index.js\"}"}}
[debug] [2021-02-28T03:32:29.697Z] [runtime-status] [10524] Resolved module firebase-admin {"declared":true,"installed":true,"version":"9.5.0","resolution":"C:\\Users\\HP\\Downloads\\Amazon-clone2\\Amazon-clone-main\\functions\\node_modules\\firebase-admin\\lib\\index.js"} {"metadata":{"emulator":{"name":"functions"},"message":"[runtime-status] [10524] Resolved module firebase-admin {\"declared\":true,\"installed\":true,\"version\":\"9.5.0\",\"resolution\":\"C:\\\\Users\\\\HP\\\\Downloads\\\\Amazon-clone2\\\\Amazon-clone-main\\\\functions\\\\node_modules\\\\firebase-admin\\\\lib\\\\index.js\"}"}}
[debug] [2021-02-28T03:32:29.698Z] [runtime-status] [10524] Resolved module firebase-functions {"declared":true,"installed":true,"version":"3.13.2","resolution":"C:\\Users\\HP\\Downloads\\Amazon-clone2\\Amazon-clone-main\\functions\\node_modules\\firebase-functions\\lib\\index.js"} {"metadata":{"emulator":{"name":"functions"},"message":"[runtime-status] [10524] Resolved module firebase-functions {\"declared\":true,\"installed\":true,\"version\":\"3.13.2\",\"resolution\":\"C:\\\\Users\\\\HP\\\\Downloads\\\\Amazon-clone2\\\\Amazon-clone-main\\\\functions\\\\node_modules\\\\firebase-functions\\\\lib\\\\index.js\"}"}}
[debug] [2021-02-28T03:32:29.698Z] [runtime-status] [10524] firebase-admin has been stubbed. {"adminResolution":{"declared":true,"installed":true,"version":"9.5.0","resolution":"C:\\Users\\HP\\Downloads\\Amazon-clone2\\Amazon-clone-main\\functions\\node_modules\\firebase-admin\\lib\\index.js"}} {"metadata":{"emulator":{"name":"functions"},"message":"[runtime-status] [10524] firebase-admin has been stubbed. {\"adminResolution\":{\"declared\":true,\"installed\":true,\"version\":\"9.5.0\",\"resolution\":\"C:\\\\Users\\\\HP\\\\Downloads\\\\Amazon-clone2\\\\Amazon-clone-main\\\\functions\\\\node_modules\\\\firebase-admin\\\\lib\\\\index.js\"}}"}}
[info] +  functions[api]: http function initialized (http://localhost:5001/clone2-5e581/us-central1/api). {"metadata":{"emulator":{"name":"functions"},"message":"\u001b[1mhttp\u001b[22m function initialized (http://localhost:5001/clone2-5e581/us-central1/api)."}}
[info] 
┌─────────────────────────────────────────────────────────────┐
│ ✔  All emulators ready! It is now safe to connect your app. │
│ i  View Emulator UI at http://localhost:4000                │
└─────────────────────────────────────────────────────────────┘

┌────────────────┬──────────────────────────────────┬─────────────────────────────────┐
│ Emulator       │ Host:Port                        │ View in Emulator UI             │
├────────────────┼──────────────────────────────────┼─────────────────────────────────┤
│ Authentication │ localhost:9099                   │ http://localhost:4000/auth      │
├────────────────┼──────────────────────────────────┼─────────────────────────────────┤
│ Functions      │ localhost:5001                   │ http://localhost:4000/functions │
├────────────────┼──────────────────────────────────┼─────────────────────────────────┤
│ Firestore      │ localhost:8080                   │ http://localhost:4000/firestore │
├────────────────┼──────────────────────────────────┼─────────────────────────────────┤
│ Database       │ localhost:9000                   │ http://localhost:4000/database  │
├────────────────┼──────────────────────────────────┼─────────────────────────────────┤
│ Hosting        │ Failed to initialize (see above) │                                 │
├────────────────┼──────────────────────────────────┼─────────────────────────────────┤
│ Pub/Sub        │ localhost:8085                   │ n/a                             │
└────────────────┴──────────────────────────────────┴─────────────────────────────────┘
  Emulator Hub running at localhost:4400
  Other reserved ports: 4500

Issues? Report them at https://github.com/firebase/firebase-tools/issues and attach the *-debug.log files.
 
[debug] [2021-02-28T03:32:30.055Z] [worker-~diagnostic~-6a99035c-2100-492f-a23c-4b6c27c2bf6b]: IDLE {"metadata":{"emulator":{"name":"functions"},"message":"[worker-~diagnostic~-6a99035c-2100-492f-a23c-4b6c27c2bf6b]: IDLE"}}
[debug] [2021-02-28T03:35:15.432Z] [work-queue] {"queueLength":1,"workRunningCount":0}
[debug] [2021-02-28T03:35:15.433Z] [work-queue] {"queueLength":0,"workRunningCount":1}
[debug] [2021-02-28T03:35:15.434Z] Accepted request POST /clone2-5e581/us-central1/api/payments/create?total=68998 --> api
[debug] [2021-02-28T03:35:15.446Z] [worker-pool] addWorker(api) {"metadata":{"emulator":{"name":"functions"},"message":"[worker-pool] addWorker(api)"}}
[debug] [2021-02-28T03:35:15.447Z] [worker-pool] Adding worker with key api, total=1 {"metadata":{"emulator":{"name":"functions"},"message":"[worker-pool] Adding worker with key api, total=1"}}
[debug] [2021-02-28T03:35:15.447Z] [worker-pool] submitWork(triggerId=api) {"metadata":{"emulator":{"name":"functions"},"message":"[worker-pool] submitWork(triggerId=api)"}}
[debug] [2021-02-28T03:35:15.448Z] [worker-api-833164e5-3f98-4fa2-9955-4bf23959aa71]: Assigning socketPath: \\?\pipe\C:\Users\HP\Downloads\Amazon-clone2\Amazon-clone-main\functions\4352 {"metadata":{"emulator":{"name":"functions"},"message":"[worker-api-833164e5-3f98-4fa2-9955-4bf23959aa71]: Assigning socketPath: \\\\?\\pipe\\C:\\Users\\HP\\Downloads\\Amazon-clone2\\Amazon-clone-main\\functions\\4352"}}
[debug] [2021-02-28T03:35:15.448Z] [worker-api-833164e5-3f98-4fa2-9955-4bf23959aa71]: BUSY {"metadata":{"emulator":{"name":"functions"},"message":"[worker-api-833164e5-3f98-4fa2-9955-4bf23959aa71]: BUSY"}}
[debug] [2021-02-28T03:35:16.229Z] [runtime-status] [4352] Functions runtime initialized. {"cwd":"C:\\Users\\HP\\Downloads\\Amazon-clone2\\Amazon-clone-main\\functions","node_version":"14.15.4"} {"metadata":{"emulator":{"name":"functions"},"function":{"name":"api"},"message":"[runtime-status] [4352] Functions runtime initialized. {\"cwd\":\"C:\\\\Users\\\\HP\\\\Downloads\\\\Amazon-clone2\\\\Amazon-clone-main\\\\functions\",\"node_version\":\"14.15.4\"}"}}
[debug] [2021-02-28T03:35:16.235Z] [runtime-status] [4352] Disabled runtime features: undefined {"metadata":{"emulator":{"name":"functions"},"function":{"name":"api"},"message":"[runtime-status] [4352] Disabled runtime features: undefined"}}
[debug] [2021-02-28T03:35:16.251Z] [runtime-status] [4352] Resolved module firebase-admin {"declared":true,"installed":true,"version":"9.5.0","resolution":"C:\\Users\\HP\\Downloads\\Amazon-clone2\\Amazon-clone-main\\functions\\node_modules\\firebase-admin\\lib\\index.js"} {"metadata":{"emulator":{"name":"functions"},"function":{"name":"api"},"message":"[runtime-status] [4352] Resolved module firebase-admin {\"declared\":true,\"installed\":true,\"version\":\"9.5.0\",\"resolution\":\"C:\\\\Users\\\\HP\\\\Downloads\\\\Amazon-clone2\\\\Amazon-clone-main\\\\functions\\\\node_modules\\\\firebase-admin\\\\lib\\\\index.js\"}"}}
[debug] [2021-02-28T03:35:16.255Z] [runtime-status] [4352] Resolved module firebase-functions {"declared":true,"installed":true,"version":"3.13.2","resolution":"C:\\Users\\HP\\Downloads\\Amazon-clone2\\Amazon-clone-main\\functions\\node_modules\\firebase-functions\\lib\\index.js"} {"metadata":{"emulator":{"name":"functions"},"function":{"name":"api"},"message":"[runtime-status] [4352] Resolved module firebase-functions {\"declared\":true,\"installed\":true,\"version\":\"3.13.2\",\"resolution\":\"C:\\\\Users\\\\HP\\\\Downloads\\\\Amazon-clone2\\\\Amazon-clone-main\\\\functions\\\\node_modules\\\\firebase-functions\\\\lib\\\\index.js\"}"}}
[debug] [2021-02-28T03:35:16.259Z] [runtime-status] [4352] Resolved module firebase-functions {"declared":true,"installed":true,"version":"3.13.2","resolution":"C:\\Users\\HP\\Downloads\\Amazon-clone2\\Amazon-clone-main\\functions\\node_modules\\firebase-functions\\lib\\index.js"} {"metadata":{"emulator":{"name":"functions"},"function":{"name":"api"},"message":"[runtime-status] [4352] Resolved module firebase-functions {\"declared\":true,\"installed\":true,\"version\":\"3.13.2\",\"resolution\":\"C:\\\\Users\\\\HP\\\\Downloads\\\\Amazon-clone2\\\\Amazon-clone-main\\\\functions\\\\node_modules\\\\firebase-functions\\\\lib\\\\index.js\"}"}}
[debug] [2021-02-28T03:35:16.259Z] [runtime-status] [4352] Set PUBSUB_EMULATOR_HOST to localhost:8085 {"metadata":{"emulator":{"name":"functions"},"function":{"name":"api"},"message":"[runtime-status] [4352] Set PUBSUB_EMULATOR_HOST to localhost:8085"}}
[debug] [2021-02-28T03:35:16.266Z] [runtime-status] [4352] Outgoing network have been stubbed. [{"name":"http","status":"mocked"},{"name":"http","status":"mocked"},{"name":"https","status":"mocked"},{"name":"https","status":"mocked"},{"name":"net","status":"mocked"}] {"metadata":{"emulator":{"name":"functions"},"function":{"name":"api"},"message":"[runtime-status] [4352] Outgoing network have been stubbed. [{\"name\":\"http\",\"status\":\"mocked\"},{\"name\":\"http\",\"status\":\"mocked\"},{\"name\":\"https\",\"status\":\"mocked\"},{\"name\":\"https\",\"status\":\"mocked\"},{\"name\":\"net\",\"status\":\"mocked\"}]"}}
[debug] [2021-02-28T03:35:16.271Z] [runtime-status] [4352] Resolved module firebase-functions {"declared":true,"installed":true,"version":"3.13.2","resolution":"C:\\Users\\HP\\Downloads\\Amazon-clone2\\Amazon-clone-main\\functions\\node_modules\\firebase-functions\\lib\\index.js"} {"metadata":{"emulator":{"name":"functions"},"function":{"name":"api"},"message":"[runtime-status] [4352] Resolved module firebase-functions {\"declared\":true,\"installed\":true,\"version\":\"3.13.2\",\"resolution\":\"C:\\\\Users\\\\HP\\\\Downloads\\\\Amazon-clone2\\\\Amazon-clone-main\\\\functions\\\\node_modules\\\\firebase-functions\\\\lib\\\\index.js\"}"}}
[debug] [2021-02-28T03:35:16.390Z] [runtime-status] [4352] Checked functions.config() {"config":{}} {"metadata":{"emulator":{"name":"functions"},"function":{"name":"api"},"message":"[runtime-status] [4352] Checked functions.config() {\"config\":{}}"}}
[debug] [2021-02-28T03:35:16.391Z] [runtime-status] [4352] firebase-functions has been stubbed. {"functionsResolution":{"declared":true,"installed":true,"version":"3.13.2","resolution":"C:\\Users\\HP\\Downloads\\Amazon-clone2\\Amazon-clone-main\\functions\\node_modules\\firebase-functions\\lib\\index.js"}} {"metadata":{"emulator":{"name":"functions"},"function":{"name":"api"},"message":"[runtime-status] [4352] firebase-functions has been stubbed. {\"functionsResolution\":{\"declared\":true,\"installed\":true,\"version\":\"3.13.2\",\"resolution\":\"C:\\\\Users\\\\HP\\\\Downloads\\\\Amazon-clone2\\\\Amazon-clone-main\\\\functions\\\\node_modules\\\\firebase-functions\\\\lib\\\\index.js\"}}"}}
[debug] [2021-02-28T03:35:16.392Z] [runtime-status] [4352] Resolved module firebase-functions {"declared":true,"installed":true,"version":"3.13.2","resolution":"C:\\Users\\HP\\Downloads\\Amazon-clone2\\Amazon-clone-main\\functions\\node_modules\\firebase-functions\\lib\\index.js"} {"metadata":{"emulator":{"name":"functions"},"function":{"name":"api"},"message":"[runtime-status] [4352] Resolved module firebase-functions {\"declared\":true,\"installed\":true,\"version\":\"3.13.2\",\"resolution\":\"C:\\\\Users\\\\HP\\\\Downloads\\\\Amazon-clone2\\\\Amazon-clone-main\\\\functions\\\\node_modules\\\\firebase-functions\\\\lib\\\\index.js\"}"}}
[debug] [2021-02-28T03:35:16.394Z] [runtime-status] [4352] Resolved module firebase-admin {"declared":true,"installed":true,"version":"9.5.0","resolution":"C:\\Users\\HP\\Downloads\\Amazon-clone2\\Amazon-clone-main\\functions\\node_modules\\firebase-admin\\lib\\index.js"} {"metadata":{"emulator":{"name":"functions"},"function":{"name":"api"},"message":"[runtime-status] [4352] Resolved module firebase-admin {\"declared\":true,\"installed\":true,\"version\":\"9.5.0\",\"resolution\":\"C:\\\\Users\\\\HP\\\\Downloads\\\\Amazon-clone2\\\\Amazon-clone-main\\\\functions\\\\node_modules\\\\firebase-admin\\\\lib\\\\index.js\"}"}}
[debug] [2021-02-28T03:35:16.395Z] [runtime-status] [4352] Resolved module firebase-functions {"declared":true,"installed":true,"version":"3.13.2","resolution":"C:\\Users\\HP\\Downloads\\Amazon-clone2\\Amazon-clone-main\\functions\\node_modules\\firebase-functions\\lib\\index.js"} {"metadata":{"emulator":{"name":"functions"},"function":{"name":"api"},"message":"[runtime-status] [4352] Resolved module firebase-functions {\"declared\":true,\"installed\":true,\"version\":\"3.13.2\",\"resolution\":\"C:\\\\Users\\\\HP\\\\Downloads\\\\Amazon-clone2\\\\Amazon-clone-main\\\\functions\\\\node_modules\\\\firebase-functions\\\\lib\\\\index.js\"}"}}
[debug] [2021-02-28T03:35:16.395Z] [runtime-status] [4352] firebase-admin has been stubbed. {"adminResolution":{"declared":true,"installed":true,"version":"9.5.0","resolution":"C:\\Users\\HP\\Downloads\\Amazon-clone2\\Amazon-clone-main\\functions\\node_modules\\firebase-admin\\lib\\index.js"}} {"metadata":{"emulator":{"name":"functions"},"function":{"name":"api"},"message":"[runtime-status] [4352] firebase-admin has been stubbed. {\"adminResolution\":{\"declared\":true,\"installed\":true,\"version\":\"9.5.0\",\"resolution\":\"C:\\\\Users\\\\HP\\\\Downloads\\\\Amazon-clone2\\\\Amazon-clone-main\\\\functions\\\\node_modules\\\\firebase-admin\\\\lib\\\\index.js\"}}"}}
[debug] [2021-02-28T03:35:16.802Z] [runtime-status] [4352] Trigger "api" has been found, beginning invocation! {"metadata":{"emulator":{"name":"functions"},"function":{"name":"api"},"message":"[runtime-status] [4352] Trigger \"api\" has been found, beginning invocation!"}}
[info] i  functions: Beginning execution of "api" {"metadata":{"emulator":{"name":"functions"},"function":{"name":"api"},"message":"Beginning execution of \"api\""}}
[debug] [2021-02-28T03:35:16.806Z] [runtime-status] [4352] triggerDefinition {"httpsTrigger":{},"name":"api","entryPoint":"api"} {"metadata":{"emulator":{"name":"functions"},"function":{"name":"api"},"message":"[runtime-status] [4352] triggerDefinition {\"httpsTrigger\":{},\"name\":\"api\",\"entryPoint\":\"api\"}"}}
[debug] [2021-02-28T03:35:16.806Z] [runtime-status] [4352] Running api in mode HTTPS {"metadata":{"emulator":{"name":"functions"},"function":{"name":"api"},"message":"[runtime-status] [4352] Running api in mode HTTPS"}}
[debug] [2021-02-28T03:35:16.811Z] [runtime-status] [4352] Attempting to listen to socketPath: \\?\pipe\C:\Users\HP\Downloads\Amazon-clone2\Amazon-clone-main\functions\4352 {"metadata":{"emulator":{"name":"functions"},"function":{"name":"api"},"message":"[runtime-status] [4352] Attempting to listen to socketPath: \\\\?\\pipe\\C:\\Users\\HP\\Downloads\\Amazon-clone2\\Amazon-clone-main\\functions\\4352"}}
[debug] [2021-02-28T03:35:16.816Z] [functions] Runtime ready! Sending request! {"metadata":{"emulator":{"name":"functions"},"message":"[functions] Runtime ready! Sending request!"}}
[debug] [2021-02-28T03:35:16.817Z] [functions] Got req.url=/clone2-5e581/us-central1/api/payments/create?total=68998, mapping to path=/payments/create?total=68998 {"metadata":{"emulator":{"name":"functions"},"message":"[functions] Got req.url=/clone2-5e581/us-central1/api/payments/create?total=68998, mapping to path=/payments/create?total=68998"}}
[debug] [2021-02-28T03:35:16.839Z] [runtime-status] [4352] Ephemeral server handling POST request {"metadata":{"emulator":{"name":"functions"},"function":{"name":"api"},"message":"[runtime-status] [4352] Ephemeral server handling POST request"}}
[info] >  Payment Request Recieved for this amount >>>  68998 {"user":"Payment Request Recieved for this amount >>>  68998","metadata":{"emulator":{"name":"functions"},"function":{"name":"api"},"message":"\u001b[90m> \u001b[39m Payment Request Recieved for this amount >>>  68998"}}
[debug] [2021-02-28T03:35:16.863Z] [runtime-status] [4352] Ephemeral server survived. {"metadata":{"emulator":{"name":"functions"},"function":{"name":"api"},"message":"[runtime-status] [4352] Ephemeral server survived."}}
[info] i  functions: Finished "api" in ~1s {"metadata":{"emulator":{"name":"functions"},"function":{"name":"api"},"message":"Finished \"api\" in ~1s"}}
[debug] [2021-02-28T03:35:17.459Z] [worker-api-833164e5-3f98-4fa2-9955-4bf23959aa71]: IDLE {"metadata":{"emulator":{"name":"functions"},"message":"[worker-api-833164e5-3f98-4fa2-9955-4bf23959aa71]: IDLE"}}
[debug] [2021-02-28T03:35:17.460Z] [work-queue] {"queueLength":0,"workRunningCount":0}
[debug] [2021-02-28T03:35:37.719Z] [work-queue] {"queueLength":1,"workRunningCount":0}
[debug] [2021-02-28T03:35:37.719Z] [work-queue] {"queueLength":0,"workRunningCount":1}
[debug] [2021-02-28T03:35:37.719Z] Accepted request POST /clone2-5e581/us-central1/api/payments/create?total=0 --> api
[debug] [2021-02-28T03:35:37.720Z] [worker-pool] submitWork(triggerId=api) {"metadata":{"emulator":{"name":"functions"},"message":"[worker-pool] submitWork(triggerId=api)"}}
[debug] [2021-02-28T03:35:37.720Z] [worker-api-833164e5-3f98-4fa2-9955-4bf23959aa71]: Assigning socketPath: \\?\pipe\C:\Users\HP\Downloads\Amazon-clone2\Amazon-clone-main\functions\4352 {"metadata":{"emulator":{"name":"functions"},"message":"[worker-api-833164e5-3f98-4fa2-9955-4bf23959aa71]: Assigning socketPath: \\\\?\\pipe\\C:\\Users\\HP\\Downloads\\Amazon-clone2\\Amazon-clone-main\\functions\\4352"}}
[debug] [2021-02-28T03:35:37.720Z] [worker-api-833164e5-3f98-4fa2-9955-4bf23959aa71]: BUSY {"metadata":{"emulator":{"name":"functions"},"message":"[worker-api-833164e5-3f98-4fa2-9955-4bf23959aa71]: BUSY"}}
[debug] [2021-02-28T03:35:37.721Z] [runtime-status] [4352] Trigger "api" has been found, beginning invocation! {"metadata":{"emulator":{"name":"functions"},"function":{"name":"api"},"message":"[runtime-status] [4352] Trigger \"api\" has been found, beginning invocation!"}}
[info] i  functions: Beginning execution of "api" {"metadata":{"emulator":{"name":"functions"},"function":{"name":"api"},"message":"Beginning execution of \"api\""}}
[debug] [2021-02-28T03:35:37.820Z] [runtime-status] [4352] triggerDefinition {"httpsTrigger":{},"name":"api","entryPoint":"api"} {"metadata":{"emulator":{"name":"functions"},"function":{"name":"api"},"message":"[runtime-status] [4352] triggerDefinition {\"httpsTrigger\":{},\"name\":\"api\",\"entryPoint\":\"api\"}"}}
[debug] [2021-02-28T03:35:37.820Z] [runtime-status] [4352] Running api in mode HTTPS {"metadata":{"emulator":{"name":"functions"},"function":{"name":"api"},"message":"[runtime-status] [4352] Running api in mode HTTPS"}}
[debug] [2021-02-28T03:35:37.821Z] [runtime-status] [4352] Attempting to listen to socketPath: \\?\pipe\C:\Users\HP\Downloads\Amazon-clone2\Amazon-clone-main\functions\4352 {"metadata":{"emulator":{"name":"functions"},"function":{"name":"api"},"message":"[runtime-status] [4352] Attempting to listen to socketPath: \\\\?\\pipe\\C:\\Users\\HP\\Downloads\\Amazon-clone2\\Amazon-clone-main\\functions\\4352"}}
[debug] [2021-02-28T03:35:37.823Z] [functions] Runtime ready! Sending request! {"metadata":{"emulator":{"name":"functions"},"message":"[functions] Runtime ready! Sending request!"}}
[debug] [2021-02-28T03:35:37.823Z] [functions] Got req.url=/clone2-5e581/us-central1/api/payments/create?total=0, mapping to path=/payments/create?total=0 {"metadata":{"emulator":{"name":"functions"},"message":"[functions] Got req.url=/clone2-5e581/us-central1/api/payments/create?total=0, mapping to path=/payments/create?total=0"}}
[debug] [2021-02-28T03:35:37.831Z] [runtime-status] [4352] Ephemeral server handling POST request {"metadata":{"emulator":{"name":"functions"},"function":{"name":"api"},"message":"[runtime-status] [4352] Ephemeral server handling POST request"}}
[info] >  Payment Request Recieved for this amount >>>  0 {"user":"Payment Request Recieved for this amount >>>  0","metadata":{"emulator":{"name":"functions"},"function":{"name":"api"},"message":"\u001b[90m> \u001b[39m Payment Request Recieved for this amount >>>  0"}}
[debug] [2021-02-28T03:35:37.840Z] [runtime-status] [4352] Ephemeral server survived. {"metadata":{"emulator":{"name":"functions"},"function":{"name":"api"},"message":"[runtime-status] [4352] Ephemeral server survived."}}
[info] >  (node:4352) UnhandledPromiseRejectionWarning: Error: This value must be greater than or equal to 1. {"user":"(node:4352) UnhandledPromiseRejectionWarning: Error: This value must be greater than or equal to 1.","metadata":{"emulator":{"name":"functions"},"function":{"name":"api"},"message":"\u001b[90m> \u001b[39m (node:4352) UnhandledPromiseRejectionWarning: Error: This value must be greater than or equal to 1."}}
[info] >      at Function.generate (C:\Users\HP\Downloads\Amazon-clone2\Amazon-clone-main\functions\node_modules\stripe\lib\Error.js:40:16) {"user":"    at Function.generate (C:\\Users\\HP\\Downloads\\Amazon-clone2\\Amazon-clone-main\\functions\\node_modules\\stripe\\lib\\Error.js:40:16)","metadata":{"emulator":{"name":"functions"},"function":{"name":"api"},"message":"\u001b[90m> \u001b[39m     at Function.generate (C:\\Users\\HP\\Downloads\\Amazon-clone2\\Amazon-clone-main\\functions\\node_modules\\stripe\\lib\\Error.js:40:16)"}}
[info] >      at IncomingMessage.<anonymous> (C:\Users\HP\Downloads\Amazon-clone2\Amazon-clone-main\functions\node_modules\stripe\lib\StripeResource.js:180:33) {"user":"    at IncomingMessage.<anonymous> (C:\\Users\\HP\\Downloads\\Amazon-clone2\\Amazon-clone-main\\functions\\node_modules\\stripe\\lib\\StripeResource.js:180:33)","metadata":{"emulator":{"name":"functions"},"function":{"name":"api"},"message":"\u001b[90m> \u001b[39m     at IncomingMessage.<anonymous> (C:\\Users\\HP\\Downloads\\Amazon-clone2\\Amazon-clone-main\\functions\\node_modules\\stripe\\lib\\StripeResource.js:180:33)"}}
[info] >      at Object.onceWrapper (events.js:421:28) {"user":"    at Object.onceWrapper (events.js:421:28)","metadata":{"emulator":{"name":"functions"},"function":{"name":"api"},"message":"\u001b[90m> \u001b[39m     at Object.onceWrapper (events.js:421:28)"}}
[info] >      at IncomingMessage.emit (events.js:327:22) {"user":"    at IncomingMessage.emit (events.js:327:22)","metadata":{"emulator":{"name":"functions"},"function":{"name":"api"},"message":"\u001b[90m> \u001b[39m     at IncomingMessage.emit (events.js:327:22)"}}
[info] >      at endReadableNT (internal/streams/readable.js:1327:12) {"user":"    at endReadableNT (internal/streams/readable.js:1327:12)","metadata":{"emulator":{"name":"functions"},"function":{"name":"api"},"message":"\u001b[90m> \u001b[39m     at endReadableNT (internal/streams/readable.js:1327:12)"}}
[info] >      at processTicksAndRejections (internal/process/task_queues.js:80:21) {"user":"    at processTicksAndRejections (internal/process/task_queues.js:80:21)","metadata":{"emulator":{"name":"functions"},"function":{"name":"api"},"message":"\u001b[90m> \u001b[39m     at processTicksAndRejections (internal/process/task_queues.js:80:21)"}}
[info] >  (Use `node --trace-warnings ...` to show where the warning was created) {"user":"(Use `node --trace-warnings ...` to show where the warning was created)","metadata":{"emulator":{"name":"functions"},"function":{"name":"api"},"message":"\u001b[90m> \u001b[39m (Use `node --trace-warnings ...` to show where the warning was created)"}}
[info] >  (node:4352) UnhandledPromiseRejectionWarning: Unhandled promise rejection. This error originated either by throwing inside of an async function without a catch block, or by rejecting a promise which was not handled with .catch(). To terminate the node process on unhandled promise rejection, use the CLI flag `--unhandled-rejections=strict` (see https://nodejs.org/api/cli.html#cli_unhandled_rejections_mode). (rejection id: 1) {"user":"(node:4352) UnhandledPromiseRejectionWarning: Unhandled promise rejection. This error originated either by throwing inside of an async function without a catch block, or by rejecting a promise which was not handled with .catch(). To terminate the node process on unhandled promise rejection, use the CLI flag `--unhandled-rejections=strict` (see https://nodejs.org/api/cli.html#cli_unhandled_rejections_mode). (rejection id: 1)","metadata":{"emulator":{"name":"functions"},"function":{"name":"api"},"message":"\u001b[90m> \u001b[39m (node:4352) UnhandledPromiseRejectionWarning: Unhandled promise rejection. This error originated either by throwing inside of an async function without a catch block, or by rejecting a promise which was not handled with .catch(). To terminate the node process on unhandled promise rejection, use the CLI flag `--unhandled-rejections=strict` (see https://nodejs.org/api/cli.html#cli_unhandled_rejections_mode). (rejection id: 1)"}}
[info] >  (node:4352) [DEP0018] DeprecationWarning: Unhandled promise rejections are deprecated. In the future, promise rejections that are not handled will terminate the Node.js process with a non-zero exit code. {"user":"(node:4352) [DEP0018] DeprecationWarning: Unhandled promise rejections are deprecated. In the future, promise rejections that are not handled will terminate the Node.js process with a non-zero exit code.","metadata":{"emulator":{"name":"functions"},"function":{"name":"api"},"message":"\u001b[90m> \u001b[39m (node:4352) [DEP0018] DeprecationWarning: Unhandled promise rejections are deprecated. In the future, promise rejections that are not handled will terminate the Node.js process with a non-zero exit code."}}
[warn] !  functions: Your function timed out after ~60s. To configure this timeout, see
      https://firebase.google.com/docs/functions/manage-functions#set_timeout_and_memory_allocation. {"metadata":{"emulator":{"name":"functions"},"function":{"name":"api"},"message":"Your function timed out after ~60s. To configure this timeout, see\n      https://firebase.google.com/docs/functions/manage-functions#set_timeout_and_memory_allocation."}}
[info] >  C:\Users\HP\AppData\Roaming\npm\node_modules\firebase-tools\lib\emulator\functionsEmulatorRuntime.js:642 {"user":"C:\\Users\\HP\\AppData\\Roaming\\npm\\node_modules\\firebase-tools\\lib\\emulator\\functionsEmulatorRuntime.js:642\r","metadata":{"emulator":{"name":"functions"},"function":{"name":"api"},"message":"\u001b[90m> \u001b[39m C:\\Users\\HP\\AppData\\Roaming\\npm\\node_modules\\firebase-tools\\lib\\emulator\\functionsEmulatorRuntime.js:642\r"}}
[info] >              throw new Error("Function timed out."); {"user":"            throw new Error(\"Function timed out.\");\r","metadata":{"emulator":{"name":"functions"},"function":{"name":"api"},"message":"\u001b[90m> \u001b[39m             throw new Error(\"Function timed out.\");\r"}}
[info] >              ^ {"user":"            ^\r","metadata":{"emulator":{"name":"functions"},"function":{"name":"api"},"message":"\u001b[90m> \u001b[39m             ^\r"}}
[info] >   {"user":"\r","metadata":{"emulator":{"name":"functions"},"function":{"name":"api"},"message":"\u001b[90m> \u001b[39m \r"}}
[info] >  Error: Function timed out. {"user":"Error: Function timed out.\r","metadata":{"emulator":{"name":"functions"},"function":{"name":"api"},"message":"\u001b[90m> \u001b[39m Error: Function timed out.\r"}}
[info] >      at Timeout._onTimeout (C:\Users\HP\AppData\Roaming\npm\node_modules\firebase-tools\lib\emulator\functionsEmulatorRuntime.js:642:19) {"user":"    at Timeout._onTimeout (C:\\Users\\HP\\AppData\\Roaming\\npm\\node_modules\\firebase-tools\\lib\\emulator\\functionsEmulatorRuntime.js:642:19)\r","metadata":{"emulator":{"name":"functions"},"function":{"name":"api"},"message":"\u001b[90m> \u001b[39m     at Timeout._onTimeout (C:\\Users\\HP\\AppData\\Roaming\\npm\\node_modules\\firebase-tools\\lib\\emulator\\functionsEmulatorRuntime.js:642:19)\r"}}
[info] >      at listOnTimeout (internal/timers.js:554:17) {"user":"    at listOnTimeout (internal/timers.js:554:17)\r","metadata":{"emulator":{"name":"functions"},"function":{"name":"api"},"message":"\u001b[90m> \u001b[39m     at listOnTimeout (internal/timers.js:554:17)\r"}}
[info] >      at processTimers (internal/timers.js:497:7) {"user":"    at processTimers (internal/timers.js:497:7)\r","metadata":{"emulator":{"name":"functions"},"function":{"name":"api"},"message":"\u001b[90m> \u001b[39m     at processTimers (internal/timers.js:497:7)\r"}}
[debug] [2021-02-28T03:36:37.746Z] [worker-api-833164e5-3f98-4fa2-9955-4bf23959aa71]: exited {"metadata":{"emulator":{"name":"functions"},"message":"[worker-api-833164e5-3f98-4fa2-9955-4bf23959aa71]: exited"}}
[debug] [2021-02-28T03:36:37.747Z] [worker-api-833164e5-3f98-4fa2-9955-4bf23959aa71]: FINISHED {"metadata":{"emulator":{"name":"functions"},"message":"[worker-api-833164e5-3f98-4fa2-9955-4bf23959aa71]: FINISHED"}}
[debug] [2021-02-28T03:36:37.747Z] [work-queue] {"queueLength":0,"workRunningCount":0}
